mode: set
minilm/internal/dialog/context_manager.go:35.56,36.21 1 1
minilm/internal/dialog/context_manager.go:36.21,38.3 1 1
minilm/internal/dialog/context_manager.go:40.2,49.11 4 1
minilm/internal/dialog/context_manager.go:53.80,59.13 4 1
minilm/internal/dialog/context_manager.go:59.13,66.3 2 1
minilm/internal/dialog/context_manager.go:69.2,79.48 4 1
minilm/internal/dialog/context_manager.go:79.48,81.3 1 1
minilm/internal/dialog/context_manager.go:85.101,90.13 4 1
minilm/internal/dialog/context_manager.go:90.13,92.3 1 1
minilm/internal/dialog/context_manager.go:94.2,97.55 2 1
minilm/internal/dialog/context_manager.go:97.55,100.3 2 1
minilm/internal/dialog/context_manager.go:103.2,105.15 3 1
minilm/internal/dialog/context_manager.go:109.99,114.44 4 1
minilm/internal/dialog/context_manager.go:114.44,116.3 1 1
minilm/internal/dialog/context_manager.go:119.2,122.34 4 1
minilm/internal/dialog/context_manager.go:126.92,131.13 4 1
minilm/internal/dialog/context_manager.go:131.13,140.3 1 1
minilm/internal/dialog/context_manager.go:142.2,142.37 1 1
minilm/internal/dialog/context_manager.go:156.94,158.25 2 1
minilm/internal/dialog/context_manager.go:158.25,160.3 1 0
minilm/internal/dialog/context_manager.go:163.2,167.37 4 1
minilm/internal/dialog/context_manager.go:167.37,169.28 2 1
minilm/internal/dialog/context_manager.go:169.28,171.4 1 1
minilm/internal/dialog/context_manager.go:172.3,172.36 1 1
minilm/internal/dialog/context_manager.go:175.2,179.44 3 1
minilm/internal/dialog/context_manager.go:179.44,180.17 1 1
minilm/internal/dialog/context_manager.go:180.17,182.4 1 1
minilm/internal/dialog/context_manager.go:185.2,192.3 1 1
minilm/internal/dialog/context_manager.go:196.62,200.2 3 1
minilm/internal/dialog/context_manager.go:203.56,207.2 3 1
minilm/internal/dialog/context_manager.go:210.44,211.31 1 1
minilm/internal/dialog/context_manager.go:211.31,213.3 1 0
minilm/internal/dialog/context_manager.go:217.53,223.44 4 0
minilm/internal/dialog/context_manager.go:223.44,224.41 1 0
minilm/internal/dialog/context_manager.go:224.41,226.4 1 0
minilm/internal/dialog/context_manager.go:231.35,232.29 1 1
minilm/internal/dialog/context_manager.go:232.29,234.3 1 1
minilm/internal/dialog/context_manager.go:236.2,238.24 3 1
minilm/internal/dialog/llama_model.go:42.61,43.28 1 1
minilm/internal/dialog/llama_model.go:43.28,45.3 1 1
minilm/internal/dialog/llama_model.go:48.2,48.61 1 1
minilm/internal/dialog/llama_model.go:48.61,50.3 1 1
minilm/internal/dialog/llama_model.go:53.2,53.29 1 1
minilm/internal/dialog/llama_model.go:53.29,55.3 1 1
minilm/internal/dialog/llama_model.go:56.2,56.25 1 1
minilm/internal/dialog/llama_model.go:56.25,58.3 1 1
minilm/internal/dialog/llama_model.go:59.2,59.29 1 1
minilm/internal/dialog/llama_model.go:59.29,61.3 1 1
minilm/internal/dialog/llama_model.go:62.2,62.22 1 1
minilm/internal/dialog/llama_model.go:62.22,64.3 1 1
minilm/internal/dialog/llama_model.go:66.2,75.19 2 1
minilm/internal/dialog/llama_model.go:79.41,83.19 3 1
minilm/internal/dialog/llama_model.go:83.19,85.3 1 0
minilm/internal/dialog/llama_model.go:94.2,94.46 1 1
minilm/internal/dialog/llama_model.go:94.46,96.3 1 0
minilm/internal/dialog/llama_model.go:99.2,113.12 5 1
minilm/internal/dialog/llama_model.go:117.61,119.20 2 1
minilm/internal/dialog/llama_model.go:119.20,122.3 2 1
minilm/internal/dialog/llama_model.go:123.2,125.18 2 1
minilm/internal/dialog/llama_model.go:125.18,127.3 1 0
minilm/internal/dialog/llama_model.go:130.2,130.35 1 1
minilm/internal/dialog/llama_model.go:130.35,132.3 1 0
minilm/internal/dialog/llama_model.go:145.2,145.44 1 1
minilm/internal/dialog/llama_model.go:150.65,154.9 2 1
minilm/internal/dialog/llama_model.go:155.76,161.62 2 0
minilm/internal/dialog/llama_model.go:163.81,169.62 2 1
minilm/internal/dialog/llama_model.go:171.75,177.62 2 1
minilm/internal/dialog/llama_model.go:179.80,185.62 2 1
minilm/internal/dialog/llama_model.go:187.84,193.62 2 1
minilm/internal/dialog/llama_model.go:195.78,201.62 2 1
minilm/internal/dialog/llama_model.go:203.10,212.62 2 1
minilm/internal/dialog/llama_model.go:217.93,221.12 3 1
minilm/internal/dialog/llama_model.go:221.12,223.17 2 1
minilm/internal/dialog/llama_model.go:223.17,226.4 2 0
minilm/internal/dialog/llama_model.go:227.3,227.23 1 1
minilm/internal/dialog/llama_model.go:230.2,230.9 1 1
minilm/internal/dialog/llama_model.go:231.30,232.21 1 1
minilm/internal/dialog/llama_model.go:233.26,234.17 1 0
minilm/internal/dialog/llama_model.go:235.20,236.63 1 0
minilm/internal/dialog/llama_model.go:241.54,244.2 1 1
minilm/internal/dialog/llama_model.go:247.43,249.2 1 1
minilm/internal/dialog/llama_model.go:252.47,266.2 3 1
minilm/internal/dialog/llama_model.go:269.35,273.20 3 1
minilm/internal/dialog/llama_model.go:273.20,275.3 1 0
minilm/internal/dialog/llama_model.go:282.2,286.12 4 1
minilm/internal/dialog/llm_backend.go:23.38,41.2 1 1
minilm/internal/dialog/llm_backend.go:44.43,49.2 4 1
minilm/internal/dialog/llm_backend.go:52.63,54.20 2 1
minilm/internal/dialog/llm_backend.go:54.20,57.3 2 0
minilm/internal/dialog/llm_backend.go:58.2,66.9 4 1
minilm/internal/dialog/llm_backend.go:67.75,68.56 1 0
minilm/internal/dialog/llm_backend.go:69.76,70.52 1 0
minilm/internal/dialog/llm_backend.go:71.74,72.59 1 1
minilm/internal/dialog/llm_backend.go:73.76,74.68 1 0
minilm/internal/dialog/llm_backend.go:75.75,76.57 1 0
minilm/internal/dialog/llm_backend.go:77.76,78.59 1 0
minilm/internal/dialog/llm_backend.go:79.10,81.71 1 0
minilm/internal/dialog/llm_backend.go:86.95,90.12 3 0
minilm/internal/dialog/llm_backend.go:90.12,92.17 2 0
minilm/internal/dialog/llm_backend.go:92.17,95.4 2 0
minilm/internal/dialog/llm_backend.go:96.3,96.23 1 0
minilm/internal/dialog/llm_backend.go:99.2,99.9 1 0
minilm/internal/dialog/llm_backend.go:100.30,101.21 1 0
minilm/internal/dialog/llm_backend.go:102.26,103.17 1 0
minilm/internal/dialog/llm_backend.go:104.20,105.68 1 0
minilm/internal/dialog/llm_backend.go:110.56,113.2 1 0
minilm/internal/dialog/llm_backend.go:116.45,118.2 1 0
minilm/internal/dialog/llm_backend.go:121.49,135.2 3 0
minilm/internal/dialog/llm_backend.go:138.37,143.2 4 1
minilm/internal/dialog/llm_backend.go:215.34,240.2 1 1
minilm/internal/dialog/llm_backend.go:244.65,249.53 4 1
minilm/internal/dialog/llm_backend.go:249.53,251.3 1 0
minilm/internal/dialog/llm_backend.go:254.2,254.45 1 1
minilm/internal/dialog/llm_backend.go:254.45,256.3 1 1
minilm/internal/dialog/llm_backend.go:259.2,259.40 1 1
minilm/internal/dialog/llm_backend.go:259.40,261.3 1 0
minilm/internal/dialog/llm_backend.go:263.2,264.12 2 1
minilm/internal/dialog/llm_backend.go:268.57,269.67 1 1
minilm/internal/dialog/llm_backend.go:269.67,271.3 1 1
minilm/internal/dialog/llm_backend.go:273.2,276.12 3 1
minilm/internal/dialog/llm_backend.go:280.72,281.21 1 1
minilm/internal/dialog/llm_backend.go:281.21,283.3 1 1
minilm/internal/dialog/llm_backend.go:284.2,285.12 2 1
minilm/internal/dialog/llm_backend.go:289.63,293.2 3 1
minilm/internal/dialog/llm_backend.go:296.58,297.23 1 1
minilm/internal/dialog/llm_backend.go:297.23,299.3 1 1
minilm/internal/dialog/llm_backend.go:300.2,300.25 1 1
minilm/internal/dialog/llm_backend.go:300.25,302.3 1 1
minilm/internal/dialog/llm_backend.go:303.2,303.18 1 1
minilm/internal/dialog/llm_backend.go:303.18,305.3 1 1
minilm/internal/dialog/llm_backend.go:309.62,310.25 1 1
minilm/internal/dialog/llm_backend.go:310.25,312.3 1 1
minilm/internal/dialog/llm_backend.go:313.2,313.21 1 1
minilm/internal/dialog/llm_backend.go:313.21,315.3 1 1
minilm/internal/dialog/llm_backend.go:316.2,316.30 1 1
minilm/internal/dialog/llm_backend.go:316.30,319.3 2 1
minilm/internal/dialog/llm_backend.go:323.62,324.23 1 1
minilm/internal/dialog/llm_backend.go:324.23,326.3 1 1
minilm/internal/dialog/llm_backend.go:330.63,335.2 4 1
minilm/internal/dialog/llm_backend.go:339.42,341.47 1 1
minilm/internal/dialog/llm_backend.go:341.47,345.17 2 1
minilm/internal/dialog/llm_backend.go:345.17,349.4 3 0
minilm/internal/dialog/llm_backend.go:353.3,353.88 1 1
minilm/internal/dialog/llm_backend.go:357.2,358.47 2 1
minilm/internal/dialog/llm_backend.go:358.47,360.3 1 0
minilm/internal/dialog/llm_backend.go:362.2,365.12 4 1
minilm/internal/dialog/llm_backend.go:369.77,379.16 3 1
minilm/internal/dialog/llm_backend.go:379.16,381.3 1 1
minilm/internal/dialog/llm_backend.go:383.2,383.43 1 0
minilm/internal/dialog/llm_backend.go:383.43,385.3 1 0
minilm/internal/dialog/llm_backend.go:387.2,387.19 1 0
minilm/internal/dialog/llm_backend.go:392.84,394.22 2 1
minilm/internal/dialog/llm_backend.go:394.22,397.3 2 1
minilm/internal/dialog/llm_backend.go:398.2,408.16 6 1
minilm/internal/dialog/llm_backend.go:408.16,409.26 1 0
minilm/internal/dialog/llm_backend.go:409.26,411.4 1 0
minilm/internal/dialog/llm_backend.go:412.3,412.78 1 0
minilm/internal/dialog/llm_backend.go:416.2,430.28 3 1
minilm/internal/dialog/llm_backend.go:434.96,440.12 3 1
minilm/internal/dialog/llm_backend.go:440.12,443.17 2 1
minilm/internal/dialog/llm_backend.go:443.17,446.4 2 0
minilm/internal/dialog/llm_backend.go:449.3,450.24 2 1
minilm/internal/dialog/llm_backend.go:454.2,454.9 1 1
minilm/internal/dialog/llm_backend.go:455.30,456.21 1 1
minilm/internal/dialog/llm_backend.go:457.26,458.17 1 0
minilm/internal/dialog/llm_backend.go:459.20,460.79 1 0
minilm/internal/dialog/llm_backend.go:465.62,470.23 3 1
minilm/internal/dialog/llm_backend.go:470.23,472.3 1 1
minilm/internal/dialog/llm_backend.go:475.2,481.24 4 1
minilm/internal/dialog/llm_backend.go:485.52,486.45 1 1
minilm/internal/dialog/llm_backend.go:486.45,488.3 1 1
minilm/internal/dialog/llm_backend.go:491.2,493.48 3 1
minilm/internal/dialog/llm_backend.go:493.48,495.3 1 0
minilm/internal/dialog/llm_backend.go:497.2,497.29 1 1
minilm/internal/dialog/llm_backend.go:497.29,499.3 1 1
minilm/internal/dialog/llm_backend.go:502.2,503.46 2 1
minilm/internal/dialog/llm_backend.go:503.46,505.3 1 1
minilm/internal/dialog/llm_backend.go:507.2,507.20 1 1
minilm/internal/dialog/llm_backend.go:511.62,517.72 2 1
minilm/internal/dialog/llm_backend.go:517.72,519.3 1 1
minilm/internal/dialog/llm_backend.go:522.2,522.24 1 1
minilm/internal/dialog/llm_backend.go:522.24,524.25 2 1
minilm/internal/dialog/llm_backend.go:524.25,526.4 1 1
minilm/internal/dialog/llm_backend.go:530.2,530.42 1 1
minilm/internal/dialog/llm_backend.go:530.42,532.3 1 1
minilm/internal/dialog/llm_backend.go:534.2,534.16 1 1
minilm/internal/dialog/llm_backend.go:538.83,542.116 2 1
minilm/internal/dialog/llm_backend.go:542.116,544.3 1 1
minilm/internal/dialog/llm_backend.go:545.2,545.116 1 1
minilm/internal/dialog/llm_backend.go:545.116,547.3 1 1
minilm/internal/dialog/llm_backend.go:548.2,548.117 1 1
minilm/internal/dialog/llm_backend.go:548.117,550.3 1 1
minilm/internal/dialog/llm_backend.go:553.2,553.18 1 1
minilm/internal/dialog/llm_backend.go:557.65,560.79 2 1
minilm/internal/dialog/llm_backend.go:560.79,562.3 1 1
minilm/internal/dialog/llm_backend.go:563.2,563.81 1 1
minilm/internal/dialog/llm_backend.go:563.81,565.3 1 1
minilm/internal/dialog/llm_backend.go:566.2,566.37 1 1
minilm/internal/dialog/llm_backend.go:566.37,568.3 1 1
minilm/internal/dialog/llm_backend.go:570.2,570.17 1 1
minilm/internal/dialog/llm_backend.go:574.68,578.79 2 1
minilm/internal/dialog/llm_backend.go:578.79,580.3 1 1
minilm/internal/dialog/llm_backend.go:581.2,581.79 1 1
minilm/internal/dialog/llm_backend.go:581.79,583.3 1 1
minilm/internal/dialog/llm_backend.go:584.2,584.78 1 1
minilm/internal/dialog/llm_backend.go:584.78,586.3 1 1
minilm/internal/dialog/llm_backend.go:588.2,588.18 1 1
minilm/internal/dialog/llm_backend.go:592.64,610.44 4 1
minilm/internal/dialog/llm_backend.go:610.44,611.42 1 1
minilm/internal/dialog/llm_backend.go:611.42,614.36 2 1
minilm/internal/dialog/llm_backend.go:614.36,615.26 1 1
minilm/internal/dialog/llm_backend.go:615.26,617.11 2 1
minilm/internal/dialog/llm_backend.go:620.4,620.14 1 1
minilm/internal/dialog/llm_backend.go:620.14,622.5 1 1
minilm/internal/dialog/llm_backend.go:626.2,626.15 1 1
minilm/internal/dialog/llm_backend.go:630.81,641.21 3 1
minilm/internal/dialog/llm_backend.go:642.15,643.30 1 1
minilm/internal/dialog/llm_backend.go:644.14,645.33 1 0
minilm/internal/dialog/llm_backend.go:646.20,647.26 1 0
minilm/internal/dialog/llm_backend.go:648.10,649.66 1 0
minilm/internal/dialog/llm_backend.go:652.2,658.3 1 1
minilm/internal/dialog/llm_backend.go:662.58,668.2 3 1
minilm/internal/dialog/llm_backend.go:671.53,673.2 1 1
minilm/internal/dialog/llm_backend.go:677.111,679.21 1 1
minilm/internal/dialog/llm_backend.go:679.21,681.3 1 1
minilm/internal/dialog/llm_backend.go:684.2,684.12 1 1
minilm/internal/dialog/llm_backend.go:688.38,692.22 3 1
minilm/internal/dialog/llm_backend.go:692.22,695.3 2 1
minilm/internal/dialog/llm_backend.go:697.2,698.12 2 1
minilm/internal/dialog/prompt_builder.go:21.40,25.2 1 1
minilm/internal/dialog/prompt_builder.go:28.57,30.2 1 1
minilm/internal/dialog/prompt_builder.go:33.61,35.2 1 1
minilm/internal/dialog/prompt_builder.go:38.69,40.2 1 1
minilm/internal/dialog/prompt_builder.go:43.60,45.2 1 1
minilm/internal/dialog/prompt_builder.go:48.55,50.2 1 0
minilm/internal/dialog/prompt_builder.go:53.54,55.2 1 1
minilm/internal/dialog/prompt_builder.go:58.41,62.27 2 1
minilm/internal/dialog/prompt_builder.go:62.27,65.3 2 1
minilm/internal/dialog/prompt_builder.go:68.2,68.26 1 1
minilm/internal/dialog/prompt_builder.go:68.26,70.3 1 1
minilm/internal/dialog/prompt_builder.go:70.8,72.3 1 1
minilm/internal/dialog/prompt_builder.go:75.2,78.25 2 1
minilm/internal/dialog/prompt_builder.go:78.25,80.3 1 1
minilm/internal/dialog/prompt_builder.go:83.2,91.34 4 1
minilm/internal/dialog/prompt_builder.go:91.34,94.84 2 1
minilm/internal/dialog/prompt_builder.go:94.84,96.4 1 0
minilm/internal/dialog/prompt_builder.go:99.2,99.15 1 1
minilm/internal/dialog/prompt_builder.go:103.68,120.47 3 1
minilm/internal/dialog/prompt_builder.go:120.47,122.3 1 1
minilm/internal/dialog/prompt_builder.go:124.2,124.15 1 1
minilm/internal/dialog/prompt_builder.go:128.55,141.2 9 1
minilm/internal/dialog/prompt_builder.go:144.62,145.32 1 1
minilm/internal/dialog/prompt_builder.go:145.32,148.3 2 1
minilm/internal/dialog/prompt_builder.go:152.62,153.32 1 1
minilm/internal/dialog/prompt_builder.go:153.32,155.3 1 1
minilm/internal/dialog/prompt_builder.go:159.70,160.40 1 1
minilm/internal/dialog/prompt_builder.go:160.40,162.3 1 1
minilm/internal/dialog/prompt_builder.go:166.71,167.43 1 1
minilm/internal/dialog/prompt_builder.go:167.43,172.3 4 1
minilm/internal/dialog/prompt_builder.go:176.54,178.57 2 1
minilm/internal/dialog/prompt_builder.go:178.57,179.18 1 1
minilm/internal/dialog/prompt_builder.go:179.18,181.24 2 1
minilm/internal/dialog/prompt_builder.go:181.24,182.10 1 1
minilm/internal/dialog/prompt_builder.go:186.2,186.15 1 1
minilm/internal/dialog/prompt_builder.go:190.67,191.39 1 1
minilm/internal/dialog/prompt_builder.go:191.39,193.3 1 1
minilm/internal/dialog/prompt_builder.go:197.60,198.26 1 1
minilm/internal/dialog/prompt_builder.go:198.26,200.3 1 1
minilm/internal/dialog/prompt_builder.go:202.2,207.25 4 1
minilm/internal/dialog/prompt_builder.go:207.25,209.3 1 1
minilm/internal/dialog/prompt_builder.go:211.2,211.43 1 1
minilm/internal/dialog/prompt_builder.go:211.43,216.3 3 1
minilm/internal/dialog/prompt_builder.go:218.2,219.25 2 1
minilm/internal/dialog/prompt_builder.go:223.57,230.37 4 1
minilm/internal/dialog/prompt_builder.go:230.37,232.3 1 1
minilm/internal/dialog/prompt_builder.go:235.2,235.35 1 1
minilm/internal/dialog/prompt_builder.go:235.35,237.3 1 1
minilm/internal/dialog/prompt_builder.go:239.2,240.27 2 1
minilm/internal/dialog/prompt_builder.go:244.61,256.2 2 1
minilm/internal/dialog/prompt_builder.go:259.60,260.9 1 1
minilm/internal/dialog/prompt_builder.go:261.18,262.22 1 1
minilm/internal/dialog/prompt_builder.go:263.18,264.17 1 1
minilm/internal/dialog/prompt_builder.go:265.18,266.19 1 1
minilm/internal/dialog/prompt_builder.go:267.18,268.15 1 1
minilm/internal/dialog/prompt_builder.go:269.10,270.20 1 1
minilm/internal/dialog/prompt_builder.go:275.65,291.54 2 1
minilm/internal/dialog/prompt_builder.go:291.54,293.3 1 1
minilm/internal/dialog/prompt_builder.go:294.2,294.16 1 1
minilm/internal/dialog/prompt_builder.go:298.68,301.9 2 1
minilm/internal/dialog/prompt_builder.go:302.30,303.20 1 1
minilm/internal/dialog/prompt_builder.go:304.28,306.19 2 1
minilm/internal/dialog/prompt_builder.go:306.19,308.4 1 1
minilm/internal/dialog/prompt_builder.go:309.3,309.48 1 1
minilm/internal/dialog/prompt_builder.go:310.31,312.17 2 1
minilm/internal/dialog/prompt_builder.go:312.17,314.4 1 1
minilm/internal/dialog/prompt_builder.go:315.3,315.44 1 1
minilm/internal/dialog/prompt_builder.go:316.10,318.16 2 1
minilm/internal/dialog/prompt_builder.go:318.16,320.4 1 1
minilm/internal/dialog/prompt_builder.go:321.3,321.42 1 1
minilm/internal/dialog/prompt_builder.go:327.62,329.2 1 1
minilm/internal/dialog/types.go:115.50,121.2 1 1
minilm/internal/dialog/types.go:124.78,126.2 1 1
minilm/internal/dialog/types.go:129.63,130.45 1 1
minilm/internal/dialog/types.go:130.45,132.3 1 1
minilm/internal/dialog/types.go:133.2,134.12 2 1
minilm/internal/dialog/types.go:138.68,139.32 1 1
minilm/internal/dialog/types.go:139.32,140.46 1 1
minilm/internal/dialog/types.go:140.46,142.4 1 1
minilm/internal/dialog/types.go:144.2,145.12 2 1
minilm/internal/dialog/types.go:149.88,151.65 1 1
minilm/internal/dialog/types.go:151.65,153.3 1 1
minilm/internal/dialog/types.go:156.2,156.64 1 1
minilm/internal/dialog/types.go:156.64,158.3 1 0
minilm/internal/dialog/types.go:161.2,161.48 1 1
minilm/internal/dialog/types.go:165.90,166.29 1 1
minilm/internal/dialog/types.go:166.29,168.3 1 1
minilm/internal/dialog/types.go:170.2,171.13 2 1
minilm/internal/dialog/types.go:171.13,173.3 1 0
minilm/internal/dialog/types.go:175.2,175.33 1 1
minilm/internal/dialog/types.go:175.33,177.3 1 0
minilm/internal/dialog/types.go:179.2,180.46 2 1
minilm/internal/dialog/types.go:180.46,182.3 1 0
minilm/internal/dialog/types.go:184.2,184.23 1 1
minilm/internal/dialog/types.go:188.89,189.47 1 1
minilm/internal/dialog/types.go:189.47,190.80 1 0
minilm/internal/dialog/types.go:190.80,192.4 1 0
minilm/internal/dialog/types.go:194.2,194.32 1 1
minilm/internal/dialog/types.go:198.111,200.13 2 0
minilm/internal/dialog/types.go:200.13,202.3 1 0
minilm/internal/dialog/types.go:204.2,204.33 1 0
minilm/internal/dialog/types.go:204.33,206.3 1 0
minilm/internal/dialog/types.go:208.2,209.16 2 0
minilm/internal/dialog/types.go:209.16,211.3 1 0
minilm/internal/dialog/types.go:213.2,213.23 1 0
minilm/internal/dialog/types.go:217.87,221.40 3 1
minilm/internal/dialog/types.go:221.40,225.3 2 1
minilm/internal/dialog/types.go:227.2,227.37 1 1
minilm/internal/dialog/types.go:227.37,229.3 1 1
minilm/internal/dialog/types.go:231.2,236.3 1 1
minilm/internal/dialog/types.go:240.59,242.32 2 1
minilm/internal/dialog/types.go:242.32,244.3 1 1
minilm/internal/dialog/types.go:245.2,245.14 1 1
minilm/internal/dialog/types.go:249.75,251.13 2 1
minilm/internal/dialog/types.go:251.13,253.3 1 1
minilm/internal/dialog/types.go:254.2,254.38 1 1
minilm/internal/dialog/types.go:258.118,260.38 1 1
minilm/internal/dialog/types.go:260.38,261.33 1 1
minilm/internal/dialog/types.go:261.33,263.9 2 1
minilm/internal/dialog/types.go:269.72,272.2 2 1
minilm/internal/dialog/types.go:293.62,294.21 1 1
minilm/internal/dialog/types.go:294.21,296.3 1 1
minilm/internal/dialog/types.go:298.2,298.33 1 1
minilm/internal/dialog/types.go:298.33,300.3 1 1
minilm/internal/dialog/types.go:302.2,302.70 1 1
minilm/internal/dialog/types.go:302.70,304.3 1 1
minilm/internal/dialog/types.go:306.2,306.32 1 1
minilm/internal/dialog/types.go:306.32,308.3 1 1
minilm/internal/dialog/types.go:310.2,310.12 1 1
minilm/internal/dialog/types.go:314.72,323.54 6 1
minilm/internal/dialog/types.go:323.54,325.3 1 1
minilm/internal/dialog/types.go:327.2,327.54 1 1
minilm/internal/dialog/types.go:327.54,329.3 1 1
minilm/internal/dialog/types.go:331.2,331.20 1 1
